2025-07-01 11:27:49 [[31merror[39m]: ReferenceError: bcrypt is not defined
    at D:\Tugas Web Pro JS\MyWebPortofolio\my_server\controllers\authController.js:28:19
    at process.processTicksAndRejections (node:internal/process/task_queues:105:5)
2025-07-01 11:29:19 [[31merror[39m]: ReferenceError: bcrypt is not defined
    at D:\Tugas Web Pro JS\MyWebPortofolio\my_server\controllers\authController.js:28:19
    at process.processTicksAndRejections (node:internal/process/task_queues:105:5)
2025-07-01 11:31:12 [[31merror[39m]: ReferenceError: bcrypt is not defined
    at D:\Tugas Web Pro JS\MyWebPortofolio\my_server\controllers\authController.js:28:19
    at process.processTicksAndRejections (node:internal/process/task_queues:105:5)
2025-07-01 11:33:04 [[31merror[39m]: ReferenceError: bcrypt is not defined
    at D:\Tugas Web Pro JS\MyWebPortofolio\my_server\controllers\authController.js:28:19
    at process.processTicksAndRejections (node:internal/process/task_queues:105:5)
2025-07-01 11:35:24 [[31merror[39m]: ReferenceError: bcrypt is not defined
    at D:\Tugas Web Pro JS\MyWebPortofolio\my_server\controllers\authController.js:28:19
    at process.processTicksAndRejections (node:internal/process/task_queues:105:5)
2025-07-01 11:38:57 [[31merror[39m]: TypeError: ErrorResponse is not a constructor
    at D:\Tugas Web Pro JS\MyWebPortofolio\my_server\controllers\authController.js:32:17
2025-07-01 12:32:23 [[31merror[39m]: TypeError: ErrorResponse is not a constructor
    at protect (D:\Tugas Web Pro JS\MyWebPortofolio\my_server\middleware\auth.js:43:10)
    at process.processTicksAndRejections (node:internal/process/task_queues:105:5)
2025-07-01 14:54:13 [[31merror[39m]: TypeError: ErrorResponse is not a constructor
    at protect (D:\Tugas Web Pro JS\MyWebPortofolio\my_server\middleware\auth.js:35:17)
    at Layer.handleRequest (D:\Tugas Web Pro JS\MyWebPortofolio\my_server\node_modules\router\lib\layer.js:152:17)
    at trimPrefix (D:\Tugas Web Pro JS\MyWebPortofolio\my_server\node_modules\router\index.js:342:13)
    at D:\Tugas Web Pro JS\MyWebPortofolio\my_server\node_modules\router\index.js:297:9
    at processParams (D:\Tugas Web Pro JS\MyWebPortofolio\my_server\node_modules\router\index.js:582:12)
    at next (D:\Tugas Web Pro JS\MyWebPortofolio\my_server\node_modules\router\index.js:291:5)
    at Function.handle (D:\Tugas Web Pro JS\MyWebPortofolio\my_server\node_modules\router\index.js:186:3)
    at router (D:\Tugas Web Pro JS\MyWebPortofolio\my_server\node_modules\router\index.js:60:12)
    at Layer.handleRequest (D:\Tugas Web Pro JS\MyWebPortofolio\my_server\node_modules\router\lib\layer.js:152:17)
    at trimPrefix (D:\Tugas Web Pro JS\MyWebPortofolio\my_server\node_modules\router\index.js:342:13)
2025-07-01 14:54:58 [[31merror[39m]: TypeError: ErrorResponse is not a constructor
    at protect (D:\Tugas Web Pro JS\MyWebPortofolio\my_server\middleware\auth.js:35:17)
    at Layer.handleRequest (D:\Tugas Web Pro JS\MyWebPortofolio\my_server\node_modules\router\lib\layer.js:152:17)
    at trimPrefix (D:\Tugas Web Pro JS\MyWebPortofolio\my_server\node_modules\router\index.js:342:13)
    at D:\Tugas Web Pro JS\MyWebPortofolio\my_server\node_modules\router\index.js:297:9
    at processParams (D:\Tugas Web Pro JS\MyWebPortofolio\my_server\node_modules\router\index.js:582:12)
    at next (D:\Tugas Web Pro JS\MyWebPortofolio\my_server\node_modules\router\index.js:291:5)
    at Function.handle (D:\Tugas Web Pro JS\MyWebPortofolio\my_server\node_modules\router\index.js:186:3)
    at router (D:\Tugas Web Pro JS\MyWebPortofolio\my_server\node_modules\router\index.js:60:12)
    at Layer.handleRequest (D:\Tugas Web Pro JS\MyWebPortofolio\my_server\node_modules\router\lib\layer.js:152:17)
    at trimPrefix (D:\Tugas Web Pro JS\MyWebPortofolio\my_server\node_modules\router\index.js:342:13)
2025-07-01 14:57:12 [[31merror[39m]: TypeError: ErrorResponse is not a constructor
    at protect (D:\Tugas Web Pro JS\MyWebPortofolio\my_server\middleware\auth.js:35:17)
    at Layer.handleRequest (D:\Tugas Web Pro JS\MyWebPortofolio\my_server\node_modules\router\lib\layer.js:152:17)
    at trimPrefix (D:\Tugas Web Pro JS\MyWebPortofolio\my_server\node_modules\router\index.js:342:13)
    at D:\Tugas Web Pro JS\MyWebPortofolio\my_server\node_modules\router\index.js:297:9
    at processParams (D:\Tugas Web Pro JS\MyWebPortofolio\my_server\node_modules\router\index.js:582:12)
    at next (D:\Tugas Web Pro JS\MyWebPortofolio\my_server\node_modules\router\index.js:291:5)
    at Function.handle (D:\Tugas Web Pro JS\MyWebPortofolio\my_server\node_modules\router\index.js:186:3)
    at router (D:\Tugas Web Pro JS\MyWebPortofolio\my_server\node_modules\router\index.js:60:12)
    at Layer.handleRequest (D:\Tugas Web Pro JS\MyWebPortofolio\my_server\node_modules\router\lib\layer.js:152:17)
    at trimPrefix (D:\Tugas Web Pro JS\MyWebPortofolio\my_server\node_modules\router\index.js:342:13)
2025-07-01 14:57:52 [[31merror[39m]: TypeError: ErrorResponse is not a constructor
    at protect (D:\Tugas Web Pro JS\MyWebPortofolio\my_server\middleware\auth.js:35:17)
    at Layer.handleRequest (D:\Tugas Web Pro JS\MyWebPortofolio\my_server\node_modules\router\lib\layer.js:152:17)
    at trimPrefix (D:\Tugas Web Pro JS\MyWebPortofolio\my_server\node_modules\router\index.js:342:13)
    at D:\Tugas Web Pro JS\MyWebPortofolio\my_server\node_modules\router\index.js:297:9
    at processParams (D:\Tugas Web Pro JS\MyWebPortofolio\my_server\node_modules\router\index.js:582:12)
    at next (D:\Tugas Web Pro JS\MyWebPortofolio\my_server\node_modules\router\index.js:291:5)
    at Function.handle (D:\Tugas Web Pro JS\MyWebPortofolio\my_server\node_modules\router\index.js:186:3)
    at router (D:\Tugas Web Pro JS\MyWebPortofolio\my_server\node_modules\router\index.js:60:12)
    at Layer.handleRequest (D:\Tugas Web Pro JS\MyWebPortofolio\my_server\node_modules\router\lib\layer.js:152:17)
    at trimPrefix (D:\Tugas Web Pro JS\MyWebPortofolio\my_server\node_modules\router\index.js:342:13)
2025-07-01 15:12:52 [[31merror[39m]: TypeError: Cannot read properties of undefined (reading 'title')
    at validateProjectData (D:\Tugas Web Pro JS\MyWebPortofolio\my_server\controllers\projectController.js:12:13)
    at D:\Tugas Web Pro JS\MyWebPortofolio\my_server\controllers\projectController.js:113:3
    at D:\Tugas Web Pro JS\MyWebPortofolio\my_server\middleware\asyncHandler.js:12:19
    at Layer.handleRequest (D:\Tugas Web Pro JS\MyWebPortofolio\my_server\node_modules\router\lib\layer.js:152:17)
    at next (D:\Tugas Web Pro JS\MyWebPortofolio\my_server\node_modules\router\lib\route.js:157:13)
    at Route.dispatch (D:\Tugas Web Pro JS\MyWebPortofolio\my_server\node_modules\router\lib\route.js:117:3)
    at handle (D:\Tugas Web Pro JS\MyWebPortofolio\my_server\node_modules\router\index.js:435:11)
    at Layer.handleRequest (D:\Tugas Web Pro JS\MyWebPortofolio\my_server\node_modules\router\lib\layer.js:152:17)
    at D:\Tugas Web Pro JS\MyWebPortofolio\my_server\node_modules\router\index.js:295:15
    at processParams (D:\Tugas Web Pro JS\MyWebPortofolio\my_server\node_modules\router\index.js:582:12)
2025-07-01 15:28:37 [[31merror[39m]: MulterError: Unexpected field
    at wrappedFileFilter (D:\Tugas Web Pro JS\MyWebPortofolio\my_server\node_modules\multer\index.js:40:19)
    at Multipart.<anonymous> (D:\Tugas Web Pro JS\MyWebPortofolio\my_server\node_modules\multer\lib\make-middleware.js:123:7)
    at Multipart.emit (node:events:518:28)
    at HeaderParser.cb (D:\Tugas Web Pro JS\MyWebPortofolio\my_server\node_modules\busboy\lib\types\multipart.js:358:14)
    at HeaderParser.push (D:\Tugas Web Pro JS\MyWebPortofolio\my_server\node_modules\busboy\lib\types\multipart.js:162:20)
    at SBMH.ssCb [as _cb] (D:\Tugas Web Pro JS\MyWebPortofolio\my_server\node_modules\busboy\lib\types\multipart.js:394:37)
    at feed (D:\Tugas Web Pro JS\MyWebPortofolio\my_server\node_modules\streamsearch\lib\sbmh.js:248:10)
    at SBMH.push (D:\Tugas Web Pro JS\MyWebPortofolio\my_server\node_modules\streamsearch\lib\sbmh.js:104:16)
    at Multipart._write (D:\Tugas Web Pro JS\MyWebPortofolio\my_server\node_modules\busboy\lib\types\multipart.js:567:19)
    at writeOrBuffer (node:internal/streams/writable:572:12)
2025-07-01 15:44:09 [[31merror[39m]: TypeError: Cannot read properties of undefined (reading 'toString')
    at D:\Tugas Web Pro JS\MyWebPortofolio\my_server\controllers\projectController.js:195:25
    at process.processTicksAndRejections (node:internal/process/task_queues:105:5)
2025-07-01 15:45:28 [[31merror[39m]: TypeError: Cannot read properties of undefined (reading 'toString')
    at D:\Tugas Web Pro JS\MyWebPortofolio\my_server\controllers\projectController.js:195:25
    at process.processTicksAndRejections (node:internal/process/task_queues:105:5)
2025-07-01 15:50:42 [[31merror[39m]: ReferenceError: Types is not defined
    at D:\Tugas Web Pro JS\MyWebPortofolio\my_server\controllers\projectController.js:179:3
    at D:\Tugas Web Pro JS\MyWebPortofolio\my_server\middleware\asyncHandler.js:12:19
    at Layer.handleRequest (D:\Tugas Web Pro JS\MyWebPortofolio\my_server\node_modules\router\lib\layer.js:152:17)
    at next (D:\Tugas Web Pro JS\MyWebPortofolio\my_server\node_modules\router\lib\route.js:157:13)
    at done (D:\Tugas Web Pro JS\MyWebPortofolio\my_server\node_modules\multer\lib\make-middleware.js:59:7)
    at indicateDone (D:\Tugas Web Pro JS\MyWebPortofolio\my_server\node_modules\multer\lib\make-middleware.js:63:68)
    at Multipart.<anonymous> (D:\Tugas Web Pro JS\MyWebPortofolio\my_server\node_modules\multer\lib\make-middleware.js:182:7)
    at Multipart.emit (node:events:518:28)
    at emitCloseNT (node:internal/streams/destroy:148:10)
    at process.processTicksAndRejections (node:internal/process/task_queues:89:21)
2025-07-01 16:26:49 [[31merror[39m]: StrictPopulateError: Cannot populate path `createdBy` because it is not in your schema. Set the `strictPopulate` option to false to override.
    at getModelsMapForPopulate (D:\Tugas Web Pro JS\MyWebPortofolio\my_server\node_modules\mongoose\lib\helpers\populate\getModelsMapForPopulate.js:50:12)
    at _populatePath (D:\Tugas Web Pro JS\MyWebPortofolio\my_server\node_modules\mongoose\lib\model.js:4468:21)
    at Function.populate (D:\Tugas Web Pro JS\MyWebPortofolio\my_server\node_modules\mongoose\lib\model.js:4435:21)
    at D:\Tugas Web Pro JS\MyWebPortofolio\my_server\node_modules\mongoose\lib\query.js:2631:11
    at _init (D:\Tugas Web Pro JS\MyWebPortofolio\my_server\node_modules\mongoose\lib\query.js:3307:5)
    at Document.init (D:\Tugas Web Pro JS\MyWebPortofolio\my_server\node_modules\mongoose\lib\document.js:654:5)
    at Document.$init (D:\Tugas Web Pro JS\MyWebPortofolio\my_server\node_modules\mongoose\lib\document.js:667:42)
    at Object.createModelAndInit (D:\Tugas Web Pro JS\MyWebPortofolio\my_server\node_modules\mongoose\lib\queryHelpers.js:119:12)
    at completeOne (D:\Tugas Web Pro JS\MyWebPortofolio\my_server\node_modules\mongoose\lib\query.js:3285:11)
    at Query._completeOne (D:\Tugas Web Pro JS\MyWebPortofolio\my_server\node_modules\mongoose\lib\query.js:2627:3)
2025-07-01 17:04:22 [[31merror[39m]: Email failed:
2025-07-01 17:04:23 [[31merror[39m]: Email failed:
2025-07-01 17:06:25 [[31merror[39m]: Email failed:
2025-07-01 17:06:26 [[31merror[39m]: Email failed:
2025-07-02 11:44:14 [[31merror[39m]: ReferenceError: ErrorResponse is not defined
    at D:\Tugas Web Pro JS\MyWebPortofolio\my_server\controllers\projectController.js:93:21
    at process.processTicksAndRejections (node:internal/process/task_queues:105:5)
2025-07-02 11:44:14 [[31merror[39m]: ReferenceError: ErrorResponse is not defined
    at D:\Tugas Web Pro JS\MyWebPortofolio\my_server\controllers\projectController.js:93:21
    at process.processTicksAndRejections (node:internal/process/task_queues:105:5)
2025-07-02 11:44:16 [[31merror[39m]: ReferenceError: ErrorResponse is not defined
    at D:\Tugas Web Pro JS\MyWebPortofolio\my_server\controllers\projectController.js:93:21
    at process.processTicksAndRejections (node:internal/process/task_queues:105:5)
2025-07-02 11:44:16 [[31merror[39m]: ReferenceError: ErrorResponse is not defined
    at D:\Tugas Web Pro JS\MyWebPortofolio\my_server\controllers\projectController.js:93:21
    at process.processTicksAndRejections (node:internal/process/task_queues:105:5)
2025-07-02 11:57:28 [[31merror[39m]: MulterError: Unexpected field
    at wrappedFileFilter (D:\Tugas Web Pro JS\MyWebPortofolio\my_server\node_modules\multer\index.js:40:19)
    at Multipart.<anonymous> (D:\Tugas Web Pro JS\MyWebPortofolio\my_server\node_modules\multer\lib\make-middleware.js:123:7)
    at Multipart.emit (node:events:518:28)
    at HeaderParser.cb (D:\Tugas Web Pro JS\MyWebPortofolio\my_server\node_modules\busboy\lib\types\multipart.js:358:14)
    at HeaderParser.push (D:\Tugas Web Pro JS\MyWebPortofolio\my_server\node_modules\busboy\lib\types\multipart.js:162:20)
    at SBMH.ssCb [as _cb] (D:\Tugas Web Pro JS\MyWebPortofolio\my_server\node_modules\busboy\lib\types\multipart.js:394:37)
    at feed (D:\Tugas Web Pro JS\MyWebPortofolio\my_server\node_modules\streamsearch\lib\sbmh.js:248:10)
    at SBMH.push (D:\Tugas Web Pro JS\MyWebPortofolio\my_server\node_modules\streamsearch\lib\sbmh.js:104:16)
    at Multipart._write (D:\Tugas Web Pro JS\MyWebPortofolio\my_server\node_modules\busboy\lib\types\multipart.js:567:19)
    at writeOrBuffer (node:internal/streams/writable:572:12)
2025-07-02 12:11:16 [[31merror[39m]: MongoServerError: E11000 duplicate key error collection: db-message-myportofolio.projects index: slug_1 dup key: { slug: null }
    at InsertOneOperation.execute (D:\Tugas Web Pro JS\MyWebPortofolio\my_server\node_modules\mongoose\node_modules\mongodb\lib\operations\insert.js:51:19)
    at process.processTicksAndRejections (node:internal/process/task_queues:105:5)
    at async tryOperation (D:\Tugas Web Pro JS\MyWebPortofolio\my_server\node_modules\mongoose\node_modules\mongodb\lib\operations\execute_operation.js:207:20)
    at async executeOperation (D:\Tugas Web Pro JS\MyWebPortofolio\my_server\node_modules\mongoose\node_modules\mongodb\lib\operations\execute_operation.js:75:16)
    at async Collection.insertOne (D:\Tugas Web Pro JS\MyWebPortofolio\my_server\node_modules\mongoose\node_modules\mongodb\lib\collection.js:157:16)
2025-07-02 12:22:44 [[31merror[39m]: MongoServerError: E11000 duplicate key error collection: db-message-myportofolio.projects index: slug_1 dup key: { slug: null }
    at InsertOneOperation.execute (D:\Tugas Web Pro JS\MyWebPortofolio\my_server\node_modules\mongoose\node_modules\mongodb\lib\operations\insert.js:51:19)
    at process.processTicksAndRejections (node:internal/process/task_queues:105:5)
    at async tryOperation (D:\Tugas Web Pro JS\MyWebPortofolio\my_server\node_modules\mongoose\node_modules\mongodb\lib\operations\execute_operation.js:207:20)
    at async executeOperation (D:\Tugas Web Pro JS\MyWebPortofolio\my_server\node_modules\mongoose\node_modules\mongodb\lib\operations\execute_operation.js:75:16)
    at async Collection.insertOne (D:\Tugas Web Pro JS\MyWebPortofolio\my_server\node_modules\mongoose\node_modules\mongodb\lib\collection.js:157:16)
2025-07-02 12:26:25 [[31merror[39m]: MongoServerError: E11000 duplicate key error collection: db-message-myportofolio.projects index: slug_1 dup key: { slug: null }
    at InsertOneOperation.execute (D:\Tugas Web Pro JS\MyWebPortofolio\my_server\node_modules\mongoose\node_modules\mongodb\lib\operations\insert.js:51:19)
    at process.processTicksAndRejections (node:internal/process/task_queues:105:5)
    at async tryOperation (D:\Tugas Web Pro JS\MyWebPortofolio\my_server\node_modules\mongoose\node_modules\mongodb\lib\operations\execute_operation.js:207:20)
    at async executeOperation (D:\Tugas Web Pro JS\MyWebPortofolio\my_server\node_modules\mongoose\node_modules\mongodb\lib\operations\execute_operation.js:75:16)
    at async Collection.insertOne (D:\Tugas Web Pro JS\MyWebPortofolio\my_server\node_modules\mongoose\node_modules\mongodb\lib\collection.js:157:16)
2025-07-02 12:27:22 [[31merror[39m]: MongoServerError: E11000 duplicate key error collection: db-message-myportofolio.projects index: slug_1 dup key: { slug: null }
    at InsertOneOperation.execute (D:\Tugas Web Pro JS\MyWebPortofolio\my_server\node_modules\mongoose\node_modules\mongodb\lib\operations\insert.js:51:19)
    at process.processTicksAndRejections (node:internal/process/task_queues:105:5)
    at async tryOperation (D:\Tugas Web Pro JS\MyWebPortofolio\my_server\node_modules\mongoose\node_modules\mongodb\lib\operations\execute_operation.js:207:20)
    at async executeOperation (D:\Tugas Web Pro JS\MyWebPortofolio\my_server\node_modules\mongoose\node_modules\mongodb\lib\operations\execute_operation.js:75:16)
    at async Collection.insertOne (D:\Tugas Web Pro JS\MyWebPortofolio\my_server\node_modules\mongoose\node_modules\mongodb\lib\collection.js:157:16)
2025-07-02 12:29:55 [[31merror[39m]: MongoServerError: E11000 duplicate key error collection: db-message-myportofolio.projects index: slug_1 dup key: { slug: null }
    at InsertOneOperation.execute (D:\Tugas Web Pro JS\MyWebPortofolio\my_server\node_modules\mongoose\node_modules\mongodb\lib\operations\insert.js:51:19)
    at process.processTicksAndRejections (node:internal/process/task_queues:105:5)
    at async tryOperation (D:\Tugas Web Pro JS\MyWebPortofolio\my_server\node_modules\mongoose\node_modules\mongodb\lib\operations\execute_operation.js:207:20)
    at async executeOperation (D:\Tugas Web Pro JS\MyWebPortofolio\my_server\node_modules\mongoose\node_modules\mongodb\lib\operations\execute_operation.js:75:16)
    at async Collection.insertOne (D:\Tugas Web Pro JS\MyWebPortofolio\my_server\node_modules\mongoose\node_modules\mongodb\lib\collection.js:157:16)
2025-07-02 12:31:17 [[31merror[39m]: MongoServerError: E11000 duplicate key error collection: db-message-myportofolio.projects index: slug_1 dup key: { slug: null }
    at InsertOneOperation.execute (D:\Tugas Web Pro JS\MyWebPortofolio\my_server\node_modules\mongoose\node_modules\mongodb\lib\operations\insert.js:51:19)
    at process.processTicksAndRejections (node:internal/process/task_queues:105:5)
    at async tryOperation (D:\Tugas Web Pro JS\MyWebPortofolio\my_server\node_modules\mongoose\node_modules\mongodb\lib\operations\execute_operation.js:207:20)
    at async executeOperation (D:\Tugas Web Pro JS\MyWebPortofolio\my_server\node_modules\mongoose\node_modules\mongodb\lib\operations\execute_operation.js:75:16)
    at async Collection.insertOne (D:\Tugas Web Pro JS\MyWebPortofolio\my_server\node_modules\mongoose\node_modules\mongodb\lib\collection.js:157:16)
2025-07-02 15:49:01 [[31merror[39m]: Email failed:
2025-07-02 15:49:03 [[31merror[39m]: Email failed:
